c:\users\user-pc\documents\visual studio 2015\projects\memory editor\memory editor\debug\memory editor.pch.codeanalysis
c:\users\user-pc\documents\visual studio 2015\projects\memory editor\memory editor\debug\vc140.pdb
c:\users\user-pc\documents\visual studio 2015\projects\memory editor\memory editor\debug\vc140.idb
c:\users\user-pc\documents\visual studio 2015\projects\memory editor\memory editor\debug\memory editor.pch.codeanalysisast
c:\users\user-pc\documents\visual studio 2015\projects\memory editor\memory editor\debug\stdafx.nativecodeanalysis.xml
c:\users\user-pc\documents\visual studio 2015\projects\memory editor\memory editor\debug\stdafx.obj
c:\users\user-pc\documents\visual studio 2015\projects\memory editor\memory editor\debug\memory editor.nativecodeanalysis.xml
c:\users\user-pc\documents\visual studio 2015\projects\memory editor\memory editor\debug\memory editor.obj
c:\users\user-pc\documents\visual studio 2015\projects\memory editor\debug\memory editor.ilk
c:\users\user-pc\documents\visual studio 2015\projects\memory editor\debug\memory editor.exe
c:\users\user-pc\documents\visual studio 2015\projects\memory editor\debug\memory editor.pdb
c:\users\user-pc\documents\visual studio 2015\projects\memory editor\memory editor\debug\nativecodeanalysis.read.1.tlog
c:\users\user-pc\documents\visual studio 2015\projects\memory editor\memory editor\debug\vc.nativecodeanalysis.all.xml
c:\users\user-pc\documents\visual studio 2015\projects\memory editor\debug\memory editor.exe.lastcodeanalysissucceeded
c:\users\user-pc\documents\visual studio 2015\projects\memory editor\memory editor\debug\memory editor.tlog\cl.command.1.tlog
c:\users\user-pc\documents\visual studio 2015\projects\memory editor\memory editor\debug\memory editor.tlog\cl.read.1.tlog
c:\users\user-pc\documents\visual studio 2015\projects\memory editor\memory editor\debug\memory editor.tlog\cl.write.1.tlog
c:\users\user-pc\documents\visual studio 2015\projects\memory editor\memory editor\debug\memory editor.tlog\link.command.1.tlog
c:\users\user-pc\documents\visual studio 2015\projects\memory editor\memory editor\debug\memory editor.tlog\link.read.1.tlog
c:\users\user-pc\documents\visual studio 2015\projects\memory editor\memory editor\debug\memory editor.tlog\link.write.1.tlog
